  Caelis Chaos.cpp
D:\Proyectos de Programación\CaelisChaos\Caelis Chaos\TobiGameEngine\TobiGameEngine.h(45,1): warning C4305: '=': truncation from 'double' to 'float'
D:\Proyectos de Programación\CaelisChaos\Caelis Chaos\Caelis Chaos.cpp(36,1): warning C4305: '=': truncation from 'double' to 'float'
D:\Proyectos de Programación\CaelisChaos\Caelis Chaos\Caelis Chaos.cpp(42,1): warning C4305: '=': truncation from 'double' to 'float'
D:\Proyectos de Programación\CaelisChaos\Caelis Chaos\Caelis Chaos.cpp(67,1): warning C4305: '=': truncation from 'double' to 'float'
D:\Proyectos de Programación\CaelisChaos\Caelis Chaos\Caelis Chaos.cpp(73,1): warning C4305: '=': truncation from 'double' to 'float'
D:\Proyectos de Programación\CaelisChaos\Caelis Chaos\Caelis Chaos.cpp(107,1): warning C4305: '=': truncation from 'double' to 'float'
D:\Proyectos de Programación\CaelisChaos\Caelis Chaos\Caelis Chaos.cpp(142,1): warning C4305: '=': truncation from 'double' to 'float'
D:\Proyectos de Programación\CaelisChaos\Caelis Chaos\Caelis Chaos.cpp(811,43): warning C4018: '>=': signed/unsigned mismatch
D:\Proyectos de Programación\CaelisChaos\Caelis Chaos\Caelis Chaos.cpp(1299,35): warning C4018: '<': signed/unsigned mismatch
D:\Proyectos de Programación\CaelisChaos\Caelis Chaos\Caelis Chaos.cpp(1370,114): warning C4244: 'argument': conversion from 'int' to 'float', possible loss of data
D:\Proyectos de Programación\CaelisChaos\Caelis Chaos\Caelis Chaos.cpp(1370,84): warning C4244: 'argument': conversion from 'int' to 'float', possible loss of data
D:\Proyectos de Programación\CaelisChaos\Caelis Chaos\Caelis Chaos.cpp(1371,47): warning C4018: '<': signed/unsigned mismatch
D:\Proyectos de Programación\CaelisChaos\Caelis Chaos\Caelis Chaos.cpp(1389,104): warning C4244: 'argument': conversion from 'int' to 'float', possible loss of data
D:\Proyectos de Programación\CaelisChaos\Caelis Chaos\Caelis Chaos.cpp(1389,74): warning C4244: 'argument': conversion from 'int' to 'float', possible loss of data
D:\Proyectos de Programación\CaelisChaos\Caelis Chaos\Caelis Chaos.cpp(1615,42): warning C4244: 'initializing': conversion from 'float' to 'int', possible loss of data
D:\Proyectos de Programación\CaelisChaos\Caelis Chaos\Caelis Chaos.cpp(1616,42): warning C4244: 'initializing': conversion from 'float' to 'int', possible loss of data
D:\Proyectos de Programación\CaelisChaos\Caelis Chaos\Caelis Chaos.cpp(1875,57): warning C4018: '<': signed/unsigned mismatch
  Player.cpp
  Generating code
  3 of 1277 functions ( 0.2%) were compiled, the rest were copied from previous compilation.
    0 functions were new in current compilation
    3 functions had inline decision re-evaluated but remain unchanged
  Finished generating code
  Caelis Chaos.vcxproj -> D:\Proyectos de Programación\CaelisChaos\Release\Caelis Chaos.exe
