  Caelis Chaos.cpp
D:\Proyectos de Programación\CaelisChaos\Caelis Chaos\src\TobiGameEngine\TobiGameEngine.h(56,1): warning C4305: '=': truncation from 'double' to 'float'
D:\Proyectos de Programación\CaelisChaos\Caelis Chaos\src\Caelis Chaos.cpp(37,1): warning C4305: '=': truncation from 'double' to 'float'
D:\Proyectos de Programación\CaelisChaos\Caelis Chaos\src\Caelis Chaos.cpp(52,1): warning C4305: '=': truncation from 'double' to 'float'
D:\Proyectos de Programación\CaelisChaos\Caelis Chaos\src\Caelis Chaos.cpp(69,1): warning C4305: '=': truncation from 'double' to 'float'
D:\Proyectos de Programación\CaelisChaos\Caelis Chaos\src\Caelis Chaos.cpp(100,1): warning C4305: '=': truncation from 'double' to 'float'
D:\Proyectos de Programación\CaelisChaos\Caelis Chaos\src\Caelis Chaos.cpp(125,1): warning C4305: '=': truncation from 'double' to 'float'
D:\Proyectos de Programación\CaelisChaos\Caelis Chaos\src\Caelis Chaos.cpp(151,1): warning C4305: '=': truncation from 'double' to 'float'
D:\Proyectos de Programación\CaelisChaos\Caelis Chaos\src\Caelis Chaos.cpp(178,1): warning C4305: '=': truncation from 'double' to 'float'
D:\Proyectos de Programación\CaelisChaos\Caelis Chaos\src\Caelis Chaos.cpp(204,1): warning C4305: '=': truncation from 'double' to 'float'
D:\Proyectos de Programación\CaelisChaos\Caelis Chaos\src\Caelis Chaos.cpp(229,1): warning C4305: '=': truncation from 'double' to 'float'
D:\Proyectos de Programación\CaelisChaos\Caelis Chaos\src\Caelis Chaos.cpp(254,1): warning C4305: '=': truncation from 'double' to 'float'
D:\Proyectos de Programación\CaelisChaos\Caelis Chaos\src\Caelis Chaos.cpp(282,1): warning C4305: '=': truncation from 'double' to 'float'
D:\Proyectos de Programación\CaelisChaos\Caelis Chaos\src\Caelis Chaos.cpp(906,33): warning C4477: 'sscanf_s' : format string '%[^\n]' requires an argument of type 'unsigned int', but variadic argument 2 has type 'size_t'
D:\Proyectos de Programación\CaelisChaos\Caelis Chaos\src\Caelis Chaos.cpp(906,33): message : this argument is used as a buffer size
D:\Proyectos de Programación\CaelisChaos\Caelis Chaos\src\Caelis Chaos.cpp(918,33): warning C4477: 'sscanf_s' : format string '%[^\n]' requires an argument of type 'unsigned int', but variadic argument 2 has type 'size_t'
D:\Proyectos de Programación\CaelisChaos\Caelis Chaos\src\Caelis Chaos.cpp(918,33): message : this argument is used as a buffer size
D:\Proyectos de Programación\CaelisChaos\Caelis Chaos\src\Caelis Chaos.cpp(987,37): warning C4477: 'sscanf_s' : format string '%[^|]' requires an argument of type 'unsigned int', but variadic argument 2 has type 'size_t'
D:\Proyectos de Programación\CaelisChaos\Caelis Chaos\src\Caelis Chaos.cpp(987,37): message : this argument is used as a buffer size
D:\Proyectos de Programación\CaelisChaos\Caelis Chaos\src\Caelis Chaos.cpp(994,33): warning C4477: 'sscanf_s' : format string '%[^|]' requires an argument of type 'unsigned int', but variadic argument 2 has type 'size_t'
D:\Proyectos de Programación\CaelisChaos\Caelis Chaos\src\Caelis Chaos.cpp(994,33): message : this argument is used as a buffer size
D:\Proyectos de Programación\CaelisChaos\Caelis Chaos\src\Caelis Chaos.cpp(1063,26): warning C4244: '=': conversion from 'time_t' to 'int', possible loss of data
D:\Proyectos de Programación\CaelisChaos\Caelis Chaos\src\Caelis Chaos.cpp(1179,24): warning C4477: 'printf' : format string '%d' requires an argument of type 'int', but variadic argument 1 has type 'unsigned __int64'
D:\Proyectos de Programación\CaelisChaos\Caelis Chaos\src\Caelis Chaos.cpp(1179,24): message : consider using '%zd' in the format string
D:\Proyectos de Programación\CaelisChaos\Caelis Chaos\src\Caelis Chaos.cpp(1218,32): warning C4477: 'printf' : format string '%u' requires an argument of type 'unsigned int', but variadic argument 1 has type 'size_t'
D:\Proyectos de Programación\CaelisChaos\Caelis Chaos\src\Caelis Chaos.cpp(1218,32): message : consider using '%zu' in the format string
D:\Proyectos de Programación\CaelisChaos\Caelis Chaos\src\Caelis Chaos.cpp(1476,24): warning C4477: 'printf' : format string '%d' requires an argument of type 'int', but variadic argument 1 has type 'unsigned __int64'
D:\Proyectos de Programación\CaelisChaos\Caelis Chaos\src\Caelis Chaos.cpp(1476,24): message : consider using '%zd' in the format string
D:\Proyectos de Programación\CaelisChaos\Caelis Chaos\src\Caelis Chaos.cpp(1607,37): warning C4244: 'argument': conversion from 'int' to 'float', possible loss of data
D:\Proyectos de Programación\CaelisChaos\Caelis Chaos\src\Caelis Chaos.cpp(1618,37): warning C4244: 'argument': conversion from 'int' to 'float', possible loss of data
D:\Proyectos de Programación\CaelisChaos\Caelis Chaos\src\Caelis Chaos.cpp(1635,89): warning C4244: '*=': conversion from 'float' to 'int', possible loss of data
D:\Proyectos de Programación\CaelisChaos\Caelis Chaos\src\Caelis Chaos.cpp(1928,21): warning C4244: 'argument': conversion from 'int' to 'float', possible loss of data
D:\Proyectos de Programación\CaelisChaos\Caelis Chaos\src\Caelis Chaos.cpp(1940,44): warning C4244: '=': conversion from 'time_t' to 'int', possible loss of data
D:\Proyectos de Programación\CaelisChaos\Caelis Chaos\src\Caelis Chaos.cpp(2538,35): warning C4244: 'initializing': conversion from 'float' to 'int', possible loss of data
D:\Proyectos de Programación\CaelisChaos\Caelis Chaos\src\Caelis Chaos.cpp(2539,36): warning C4244: 'initializing': conversion from 'float' to 'int', possible loss of data
D:\Proyectos de Programación\CaelisChaos\Caelis Chaos\src\Caelis Chaos.cpp(2545,198): warning C4244: 'argument': conversion from 'double' to 'int', possible loss of data
D:\Proyectos de Programación\CaelisChaos\Caelis Chaos\src\Caelis Chaos.cpp(2545,128): warning C4244: 'argument': conversion from 'double' to 'int', possible loss of data
D:\Proyectos de Programación\CaelisChaos\Caelis Chaos\src\Caelis Chaos.cpp(2618,65): warning C4838: conversion from 'float' to 'int' requires a narrowing conversion
D:\Proyectos de Programación\CaelisChaos\Caelis Chaos\src\Caelis Chaos.cpp(2618,65): warning C4244: 'initializing': conversion from 'float' to 'int', possible loss of data
D:\Proyectos de Programación\CaelisChaos\Caelis Chaos\src\Caelis Chaos.cpp(2618,127): warning C4838: conversion from 'float' to 'int' requires a narrowing conversion
D:\Proyectos de Programación\CaelisChaos\Caelis Chaos\src\Caelis Chaos.cpp(2618,127): warning C4244: 'initializing': conversion from 'float' to 'int', possible loss of data
D:\Proyectos de Programación\CaelisChaos\Caelis Chaos\src\Caelis Chaos.cpp(2618,203): warning C4838: conversion from 'float' to 'int' requires a narrowing conversion
D:\Proyectos de Programación\CaelisChaos\Caelis Chaos\src\Caelis Chaos.cpp(2618,203): warning C4244: 'initializing': conversion from 'float' to 'int', possible loss of data
D:\Proyectos de Programación\CaelisChaos\Caelis Chaos\src\Caelis Chaos.cpp(2618,242): warning C4838: conversion from 'float' to 'int' requires a narrowing conversion
D:\Proyectos de Programación\CaelisChaos\Caelis Chaos\src\Caelis Chaos.cpp(2618,242): warning C4244: 'initializing': conversion from 'float' to 'int', possible loss of data
D:\Proyectos de Programación\CaelisChaos\Caelis Chaos\src\Caelis Chaos.cpp(2622,69): warning C4838: conversion from 'float' to 'int' requires a narrowing conversion
D:\Proyectos de Programación\CaelisChaos\Caelis Chaos\src\Caelis Chaos.cpp(2622,69): warning C4244: 'initializing': conversion from 'float' to 'int', possible loss of data
D:\Proyectos de Programación\CaelisChaos\Caelis Chaos\src\Caelis Chaos.cpp(2622,131): warning C4838: conversion from 'float' to 'int' requires a narrowing conversion
D:\Proyectos de Programación\CaelisChaos\Caelis Chaos\src\Caelis Chaos.cpp(2622,131): warning C4244: 'initializing': conversion from 'float' to 'int', possible loss of data
D:\Proyectos de Programación\CaelisChaos\Caelis Chaos\src\Caelis Chaos.cpp(2622,211): warning C4838: conversion from 'float' to 'int' requires a narrowing conversion
D:\Proyectos de Programación\CaelisChaos\Caelis Chaos\src\Caelis Chaos.cpp(2622,211): warning C4244: 'initializing': conversion from 'float' to 'int', possible loss of data
D:\Proyectos de Programación\CaelisChaos\Caelis Chaos\src\Caelis Chaos.cpp(2622,311): warning C4838: conversion from 'float' to 'int' requires a narrowing conversion
D:\Proyectos de Programación\CaelisChaos\Caelis Chaos\src\Caelis Chaos.cpp(2622,311): warning C4244: 'initializing': conversion from 'float' to 'int', possible loss of data
D:\Proyectos de Programación\CaelisChaos\Caelis Chaos\src\Caelis Chaos.cpp(2638,65): warning C4838: conversion from 'float' to 'int' requires a narrowing conversion
D:\Proyectos de Programación\CaelisChaos\Caelis Chaos\src\Caelis Chaos.cpp(2638,65): warning C4244: 'initializing': conversion from 'float' to 'int', possible loss of data
D:\Proyectos de Programación\CaelisChaos\Caelis Chaos\src\Caelis Chaos.cpp(2638,131): warning C4838: conversion from 'float' to 'int' requires a narrowing conversion
D:\Proyectos de Programación\CaelisChaos\Caelis Chaos\src\Caelis Chaos.cpp(2638,131): warning C4244: 'initializing': conversion from 'float' to 'int', possible loss of data
D:\Proyectos de Programación\CaelisChaos\Caelis Chaos\src\Caelis Chaos.cpp(2638,215): warning C4838: conversion from 'float' to 'int' requires a narrowing conversion
D:\Proyectos de Programación\CaelisChaos\Caelis Chaos\src\Caelis Chaos.cpp(2638,215): warning C4244: 'initializing': conversion from 'float' to 'int', possible loss of data
D:\Proyectos de Programación\CaelisChaos\Caelis Chaos\src\Caelis Chaos.cpp(2638,258): warning C4838: conversion from 'float' to 'int' requires a narrowing conversion
D:\Proyectos de Programación\CaelisChaos\Caelis Chaos\src\Caelis Chaos.cpp(2638,258): warning C4244: 'initializing': conversion from 'float' to 'int', possible loss of data
D:\Proyectos de Programación\CaelisChaos\Caelis Chaos\src\Caelis Chaos.cpp(2642,69): warning C4838: conversion from 'float' to 'int' requires a narrowing conversion
D:\Proyectos de Programación\CaelisChaos\Caelis Chaos\src\Caelis Chaos.cpp(2642,69): warning C4244: 'initializing': conversion from 'float' to 'int', possible loss of data
D:\Proyectos de Programación\CaelisChaos\Caelis Chaos\src\Caelis Chaos.cpp(2642,135): warning C4838: conversion from 'float' to 'int' requires a narrowing conversion
D:\Proyectos de Programación\CaelisChaos\Caelis Chaos\src\Caelis Chaos.cpp(2642,135): warning C4244: 'initializing': conversion from 'float' to 'int', possible loss of data
D:\Proyectos de Programación\CaelisChaos\Caelis Chaos\src\Caelis Chaos.cpp(2642,223): warning C4838: conversion from 'float' to 'int' requires a narrowing conversion
D:\Proyectos de Programación\CaelisChaos\Caelis Chaos\src\Caelis Chaos.cpp(2642,223): warning C4244: 'initializing': conversion from 'float' to 'int', possible loss of data
D:\Proyectos de Programación\CaelisChaos\Caelis Chaos\src\Caelis Chaos.cpp(2642,335): warning C4838: conversion from 'float' to 'int' requires a narrowing conversion
D:\Proyectos de Programación\CaelisChaos\Caelis Chaos\src\Caelis Chaos.cpp(2642,335): warning C4244: 'initializing': conversion from 'float' to 'int', possible loss of data
D:\Proyectos de Programación\CaelisChaos\Caelis Chaos\src\Caelis Chaos.cpp(2648,69): warning C4838: conversion from 'float' to 'int' requires a narrowing conversion
D:\Proyectos de Programación\CaelisChaos\Caelis Chaos\src\Caelis Chaos.cpp(2648,69): warning C4244: 'initializing': conversion from 'float' to 'int', possible loss of data
D:\Proyectos de Programación\CaelisChaos\Caelis Chaos\src\Caelis Chaos.cpp(2648,135): warning C4838: conversion from 'float' to 'int' requires a narrowing conversion
D:\Proyectos de Programación\CaelisChaos\Caelis Chaos\src\Caelis Chaos.cpp(2648,135): warning C4244: 'initializing': conversion from 'float' to 'int', possible loss of data
D:\Proyectos de Programación\CaelisChaos\Caelis Chaos\src\Caelis Chaos.cpp(2648,219): warning C4838: conversion from 'float' to 'int' requires a narrowing conversion
D:\Proyectos de Programación\CaelisChaos\Caelis Chaos\src\Caelis Chaos.cpp(2648,219): warning C4244: 'initializing': conversion from 'float' to 'int', possible loss of data
D:\Proyectos de Programación\CaelisChaos\Caelis Chaos\src\Caelis Chaos.cpp(2648,266): warning C4838: conversion from 'float' to 'int' requires a narrowing conversion
D:\Proyectos de Programación\CaelisChaos\Caelis Chaos\src\Caelis Chaos.cpp(2648,266): warning C4244: 'initializing': conversion from 'float' to 'int', possible loss of data
D:\Proyectos de Programación\CaelisChaos\Caelis Chaos\src\Caelis Chaos.cpp(1407): warning C4715: 'Caelis_Chaos::initializeClient': not all control paths return a value
  Caelis Chaos.vcxproj -> D:\Proyectos de Programación\CaelisChaos\x64\Debug\Caelis Chaos.exe
